Using pre-set license
Built from '2021.3/staging' branch; Version is '2021.3.19f1 (c9714fde33b6) revision 13201743'; Using compiler version '192829333'; Build Type 'Release'
OS: 'Windows 10  (10.0.17763) 64bit Professional' Language: 'en' Physical Memory: 16299 MB
BatchMode: 1, IsHumanControllingUs: 0, StartBugReporterOnCrash: 0, Is64bit: 1, IsPro: 1

COMMAND LINE ARGUMENTS:
C:\Program Files\Unity\Hub\Editor\2021.3.19f1\Editor\Unity.exe
-adb2
-batchMode
-noUpm
-name
AssetImportWorker2
-projectPath
C:/Users/WindBlade/Documents/Unity Projects/CW1
-logFile
Logs/AssetImportWorker2.log
-srvPort
50717
Successfully changed project path to: C:/Users/WindBlade/Documents/Unity Projects/CW1
C:/Users/WindBlade/Documents/Unity Projects/CW1
[UnityMemory] Configuration Parameters - Can be set up in boot.config
    "memorysetup-bucket-allocator-granularity=16"
    "memorysetup-bucket-allocator-bucket-count=8"
    "memorysetup-bucket-allocator-block-size=33554432"
    "memorysetup-bucket-allocator-block-count=8"
    "memorysetup-main-allocator-block-size=16777216"
    "memorysetup-thread-allocator-block-size=16777216"
    "memorysetup-gfx-main-allocator-block-size=16777216"
    "memorysetup-gfx-thread-allocator-block-size=16777216"
    "memorysetup-cache-allocator-block-size=4194304"
    "memorysetup-typetree-allocator-block-size=2097152"
    "memorysetup-profiler-bucket-allocator-granularity=16"
    "memorysetup-profiler-bucket-allocator-bucket-count=8"
    "memorysetup-profiler-bucket-allocator-block-size=33554432"
    "memorysetup-profiler-bucket-allocator-block-count=8"
    "memorysetup-profiler-allocator-block-size=16777216"
    "memorysetup-profiler-editor-allocator-block-size=1048576"
    "memorysetup-temp-allocator-size-main=16777216"
    "memorysetup-job-temp-allocator-block-size=2097152"
    "memorysetup-job-temp-allocator-block-size-background=1048576"
    "memorysetup-job-temp-allocator-reduction-small-platforms=262144"
    "memorysetup-temp-allocator-size-background-worker=32768"
    "memorysetup-temp-allocator-size-job-worker=262144"
    "memorysetup-temp-allocator-size-preload-manager=33554432"
    "memorysetup-temp-allocator-size-nav-mesh-worker=65536"
    "memorysetup-temp-allocator-size-audio-worker=65536"
    "memorysetup-temp-allocator-size-cloud-worker=32768"
    "memorysetup-temp-allocator-size-gi-baking-worker=262144"
    "memorysetup-temp-allocator-size-gfx=262144"
Player connection [41684] Host "[IP] 100.70.40.2 [Port] 0 [Flags] 2 [Guid] 850486083 [EditorId] 850486083 [Version] 1048832 [Id] WindowsEditor(7,DESKTOP-6MRK58V) [Debug] 1 [PackageName] WindowsEditor [ProjectName] Editor" joined multi-casting on [225.0.0.222:54997]...

Player connection [41684] Host "[IP] 100.70.40.2 [Port] 0 [Flags] 2 [Guid] 850486083 [EditorId] 850486083 [Version] 1048832 [Id] WindowsEditor(7,DESKTOP-6MRK58V) [Debug] 1 [PackageName] WindowsEditor [ProjectName] Editor" joined alternative multi-casting on [225.0.0.222:34997]...

Refreshing native plugins compatible for Editor in 105.17 ms, found 3 plugins.
Preloading 0 native plugins for Editor in 0.00 ms.
Initialize engine version: 2021.3.19f1 (c9714fde33b6)
[Subsystems] Discovering subsystems at path C:/Program Files/Unity/Hub/Editor/2021.3.19f1/Editor/Data/Resources/UnitySubsystems
[Subsystems] Discovering subsystems at path C:/Users/WindBlade/Documents/Unity Projects/CW1/Assets
GfxDevice: creating device client; threaded=0; jobified=0
Direct3D:
    Version:  Direct3D 11.0 [level 11.1]
    Renderer: NVIDIA GeForce RTX 2070 SUPER (ID=0x1e84)
    Vendor:   NVIDIA
    VRAM:     8011 MB
    Driver:   31.0.15.1694
Initialize mono
Mono path[0] = 'C:/Program Files/Unity/Hub/Editor/2021.3.19f1/Editor/Data/Managed'
Mono path[1] = 'C:/Program Files/Unity/Hub/Editor/2021.3.19f1/Editor/Data/MonoBleedingEdge/lib/mono/unityjit-win32'
Mono config path = 'C:/Program Files/Unity/Hub/Editor/2021.3.19f1/Editor/Data/MonoBleedingEdge/etc'
Using monoOptions --debugger-agent=transport=dt_socket,embedding=1,server=y,suspend=n,address=127.0.0.1:56924
Begin MonoManager ReloadAssembly
Registering precompiled unity dll's ...
Register platform support module: C:/Program Files/Unity/Hub/Editor/2021.3.19f1/Editor/Data/PlaybackEngines/WebGLSupport/UnityEditor.WebGL.Extensions.dll
Register platform support module: C:/Program Files/Unity/Hub/Editor/2021.3.19f1/Editor/Data/PlaybackEngines/WindowsStandaloneSupport/UnityEditor.WindowsStandalone.Extensions.dll
Registered in 0.012810 seconds.
Native extension for WindowsStandalone target not found
Native extension for WebGL target not found
Refreshing native plugins compatible for Editor in 112.42 ms, found 3 plugins.
Preloading 0 native plugins for Editor in 0.00 ms.
Mono: successfully reloaded assembly
- Completed reload, in  1.094 seconds
Domain Reload Profiling:
	ReloadAssembly (1095ms)
		BeginReloadAssembly (166ms)
			ExecutionOrderSort (0ms)
			DisableScriptedObjects (0ms)
			BackupInstance (0ms)
			ReleaseScriptingObjects (0ms)
			CreateAndSetChildDomain (1ms)
		EndReloadAssembly (759ms)
			LoadAssemblies (162ms)
			RebuildTransferFunctionScriptingTraits (0ms)
			SetupTypeCache (198ms)
			ReleaseScriptCaches (0ms)
			RebuildScriptCaches (51ms)
			SetupLoadedEditorAssemblies (436ms)
				LogAssemblyErrors (0ms)
				InitializePlatformSupportModulesInManaged (15ms)
				SetLoadedEditorAssemblies (0ms)
				RefreshPlugins (113ms)
				BeforeProcessingInitializeOnLoad (2ms)
				ProcessInitializeOnLoadAttributes (246ms)
				ProcessInitializeOnLoadMethodAttributes (60ms)
				AfterProcessingInitializeOnLoad (0ms)
				EditorAssembliesLoaded (0ms)
			ExecutionOrderSort2 (0ms)
			AwakeInstancesAfterBackupRestoration (0ms)
Platform modules already initialized, skipping
Registering precompiled user dll's ...
Registered in 0.017430 seconds.
Begin MonoManager ReloadAssembly
Native extension for WindowsStandalone target not found
Native extension for WebGL target not found
Refreshing native plugins compatible for Editor in 0.70 ms, found 3 plugins.
Preloading 0 native plugins for Editor in 0.00 ms.
Mono: successfully reloaded assembly
- Completed reload, in  2.161 seconds
Domain Reload Profiling:
	ReloadAssembly (2162ms)
		BeginReloadAssembly (194ms)
			ExecutionOrderSort (0ms)
			DisableScriptedObjects (9ms)
			BackupInstance (0ms)
			ReleaseScriptingObjects (0ms)
			CreateAndSetChildDomain (34ms)
		EndReloadAssembly (1768ms)
			LoadAssemblies (155ms)
			RebuildTransferFunctionScriptingTraits (0ms)
			SetupTypeCache (652ms)
			ReleaseScriptCaches (1ms)
			RebuildScriptCaches (78ms)
			SetupLoadedEditorAssemblies (853ms)
				LogAssemblyErrors (0ms)
				InitializePlatformSupportModulesInManaged (13ms)
				SetLoadedEditorAssemblies (1ms)
				RefreshPlugins (1ms)
				BeforeProcessingInitializeOnLoad (128ms)
				ProcessInitializeOnLoadAttributes (669ms)
				ProcessInitializeOnLoadMethodAttributes (26ms)
				AfterProcessingInitializeOnLoad (14ms)
				EditorAssembliesLoaded (0ms)
			ExecutionOrderSort2 (0ms)
			AwakeInstancesAfterBackupRestoration (10ms)
Platform modules already initialized, skipping
========================================================================
Worker process is ready to serve import requests
Launched and connected shader compiler UnityShaderCompiler.exe after 0.16 seconds
Refreshing native plugins compatible for Editor in 0.98 ms, found 3 plugins.
Preloading 0 native plugins for Editor in 0.00 ms.
Unloading 3058 Unused Serialized files (Serialized files now loaded: 0)
Unloading 24 unused Assets / (113.5 KB). Loaded Objects now: 3520.
Memory consumption went from 108.2 MB to 108.1 MB.
Total: 3.402700 ms (FindLiveObjects: 0.346700 ms CreateObjectMapping: 0.125900 ms MarkObjects: 2.801100 ms  DeleteObjects: 0.127900 ms)

AssetImportParameters requested are different than current active one (requested -> active):
  custom:video-decoder-ogg-theora: a1e56fd34408186e4bbccfd4996cb3dc -> 
  custom:container-muxer-webm: aa71ff27fc2769a1b78a27578f13a17b -> 
  custom:container-demuxer-webm: 4f35f7cbe854078d1ac9338744f61a02 -> 
  custom:video-encoder-webm-vp8: eb34c28f22e8b96e1ab97ce403110664 -> 
  custom:video-codec-MediaFoundation-h265: 746d11721c4dcdbdad8f713fa42b33f4 -> 
  custom:audio-encoder-webm-vorbis: bf7c407c2cedff20999df2af8eb42d56 -> 
  custom:framework-win-MediaFoundation: 216162199b28c13a410421893ffa2e32 -> 
  custom:container-demuxer-ogg: 62fdf1f143b41e24485cea50d1cbac27 -> 
  custom:video-decoder-webm-vp8: 9c59270c3fd7afecdb556c50c9e8de78 -> 
  custom:audio-decoder-ogg-vorbis: bf7c407c2cedff20999df2af8eb42d56 -> 
========================================================================
Received Import Request.
  Time since last request: 1382925.895336 seconds.
  path: Assets/Interaction/Slider.prefab
  artifactKey: Guid(a50e2a63ec805f54b96175221dc12b13) Importer(815301076,1909f56bfc062723c751e8b465ee728b)
Start importing Assets/Interaction/Slider.prefab using Guid(a50e2a63ec805f54b96175221dc12b13) Importer(815301076,1909f56bfc062723c751e8b465ee728b)  -> (artifact id: '43958c124bd9a06e44df8ba436f8d40f') in 0.346921 seconds 
========================================================================
Received Import Request.
  Time since last request: 7.759093 seconds.
  path: Assets/Interaction/Camera.prefab
  artifactKey: Guid(634d2696b985dbb428a1786625838ce8) Importer(815301076,1909f56bfc062723c751e8b465ee728b)
Start importing Assets/Interaction/Camera.prefab using Guid(634d2696b985dbb428a1786625838ce8) Importer(815301076,1909f56bfc062723c751e8b465ee728b)  -> (artifact id: '5c9b6131b7630f79f4a64783f37ca37c') in 0.008443 seconds 
========================================================================
Received Import Request.
  Time since last request: 6.974965 seconds.
  path: Assets/Interaction/Camera.prefab
  artifactKey: Guid(634d2696b985dbb428a1786625838ce8) Importer(815301076,1909f56bfc062723c751e8b465ee728b)
Start importing Assets/Interaction/Camera.prefab using Guid(634d2696b985dbb428a1786625838ce8) Importer(815301076,1909f56bfc062723c751e8b465ee728b)  -> (artifact id: '3a831785eb5ed79dee71777bc5d54f9b') in 0.015860 seconds 
========================================================================
Received Import Request.
  Time since last request: 11.878749 seconds.
  path: Assets/Interaction/Camera.prefab
  artifactKey: Guid(634d2696b985dbb428a1786625838ce8) Importer(815301076,1909f56bfc062723c751e8b465ee728b)
Start importing Assets/Interaction/Camera.prefab using Guid(634d2696b985dbb428a1786625838ce8) Importer(815301076,1909f56bfc062723c751e8b465ee728b)  -> (artifact id: '7a8e648a39ec2dab52455ac5e2877ef8') in 0.011853 seconds 
========================================================================
Received Import Request.
  Time since last request: 3.600511 seconds.
  path: Assets/Interaction/Camera.prefab
  artifactKey: Guid(634d2696b985dbb428a1786625838ce8) Importer(815301076,1909f56bfc062723c751e8b465ee728b)
Start importing Assets/Interaction/Camera.prefab using Guid(634d2696b985dbb428a1786625838ce8) Importer(815301076,1909f56bfc062723c751e8b465ee728b)  -> (artifact id: '9b045035198e965a6e1537125c08c49d') in 0.023587 seconds 
========================================================================
Received Import Request.
  Time since last request: 5.524588 seconds.
  path: Assets/Interaction/Camera.prefab
  artifactKey: Guid(634d2696b985dbb428a1786625838ce8) Importer(815301076,1909f56bfc062723c751e8b465ee728b)
Start importing Assets/Interaction/Camera.prefab using Guid(634d2696b985dbb428a1786625838ce8) Importer(815301076,1909f56bfc062723c751e8b465ee728b)  -> (artifact id: 'fed86cfde369491773c90102fef4b11d') in 0.023508 seconds 
========================================================================
Received Import Request.
  Time since last request: 10.145650 seconds.
  path: Assets/Interaction/Camera.prefab
  artifactKey: Guid(634d2696b985dbb428a1786625838ce8) Importer(815301076,1909f56bfc062723c751e8b465ee728b)
Start importing Assets/Interaction/Camera.prefab using Guid(634d2696b985dbb428a1786625838ce8) Importer(815301076,1909f56bfc062723c751e8b465ee728b)  -> (artifact id: 'e7cd187f5b3de4b8c1f6b2409c6ca6d3') in 0.043720 seconds 
========================================================================
Received Import Request.
  Time since last request: 2.654137 seconds.
  path: Assets/Interaction/Camera.prefab
  artifactKey: Guid(634d2696b985dbb428a1786625838ce8) Importer(815301076,1909f56bfc062723c751e8b465ee728b)
Start importing Assets/Interaction/Camera.prefab using Guid(634d2696b985dbb428a1786625838ce8) Importer(815301076,1909f56bfc062723c751e8b465ee728b)  -> (artifact id: 'cd433edf039d0c4ee740c768cab04f05') in 0.024090 seconds 
========================================================================
Received Import Request.
  Time since last request: 4.514403 seconds.
  path: Assets/Interaction/Camera.prefab
  artifactKey: Guid(634d2696b985dbb428a1786625838ce8) Importer(815301076,1909f56bfc062723c751e8b465ee728b)
Start importing Assets/Interaction/Camera.prefab using Guid(634d2696b985dbb428a1786625838ce8) Importer(815301076,1909f56bfc062723c751e8b465ee728b)  -> (artifact id: '08a25296f6d3afc522225e0bb3bdd505') in 0.066691 seconds 
========================================================================
Received Import Request.
  Time since last request: 4.354607 seconds.
  path: Assets/Interaction/Camera.prefab
  artifactKey: Guid(634d2696b985dbb428a1786625838ce8) Importer(815301076,1909f56bfc062723c751e8b465ee728b)
Start importing Assets/Interaction/Camera.prefab using Guid(634d2696b985dbb428a1786625838ce8) Importer(815301076,1909f56bfc062723c751e8b465ee728b)  -> (artifact id: '1733ca30459e67e1cb89e9184a50ce8e') in 0.029264 seconds 
========================================================================
Received Import Request.
  Time since last request: 7.226368 seconds.
  path: Assets/Interaction/Camera.prefab
  artifactKey: Guid(634d2696b985dbb428a1786625838ce8) Importer(815301076,1909f56bfc062723c751e8b465ee728b)
Start importing Assets/Interaction/Camera.prefab using Guid(634d2696b985dbb428a1786625838ce8) Importer(815301076,1909f56bfc062723c751e8b465ee728b)  -> (artifact id: 'ff351b9c00975025bf2215adc56ec4f0') in 0.028822 seconds 
========================================================================
Received Import Request.
  Time since last request: 32.643877 seconds.
  path: Assets/Interaction/Camera.cs
  artifactKey: Guid(f3397e4282c6e2b4796f8a93c081f510) Importer(815301076,1909f56bfc062723c751e8b465ee728b)
Start importing Assets/Interaction/Camera.cs using Guid(f3397e4282c6e2b4796f8a93c081f510) Importer(815301076,1909f56bfc062723c751e8b465ee728b)  -> (artifact id: '156c94090ce077342ee5d448c116009b') in 0.013721 seconds 
========================================================================
Received Prepare
Registering precompiled user dll's ...
Registered in 0.033872 seconds.
Begin MonoManager ReloadAssembly
Native extension for WindowsStandalone target not found
Native extension for WebGL target not found
Refreshing native plugins compatible for Editor in 1.37 ms, found 3 plugins.
Preloading 0 native plugins for Editor in 0.00 ms.
Mono: successfully reloaded assembly
- Completed reload, in  7.077 seconds
Domain Reload Profiling:
	ReloadAssembly (7079ms)
		BeginReloadAssembly (1572ms)
			ExecutionOrderSort (0ms)
			DisableScriptedObjects (21ms)
			BackupInstance (0ms)
			ReleaseScriptingObjects (0ms)
			CreateAndSetChildDomain (663ms)
		EndReloadAssembly (5060ms)
			LoadAssemblies (483ms)
			RebuildTransferFunctionScriptingTraits (0ms)
			SetupTypeCache (2078ms)
			ReleaseScriptCaches (3ms)
			RebuildScriptCaches (122ms)
			SetupLoadedEditorAssemblies (2445ms)
				LogAssemblyErrors (0ms)
				InitializePlatformSupportModulesInManaged (55ms)
				SetLoadedEditorAssemblies (2ms)
				RefreshPlugins (2ms)
				BeforeProcessingInitializeOnLoad (751ms)
				ProcessInitializeOnLoadAttributes (1544ms)
				ProcessInitializeOnLoadMethodAttributes (67ms)
				AfterProcessingInitializeOnLoad (24ms)
				EditorAssembliesLoaded (0ms)
			ExecutionOrderSort2 (0ms)
			AwakeInstancesAfterBackupRestoration (22ms)
Platform modules already initialized, skipping
Refreshing native plugins compatible for Editor in 9.23 ms, found 3 plugins.
Preloading 0 native plugins for Editor in 0.00 ms.
Unloading 3054 Unused Serialized files (Serialized files now loaded: 0)
Unloading 17 unused Assets / (79.8 KB). Loaded Objects now: 3533.
Memory consumption went from 112.5 MB to 112.5 MB.
Total: 20.596800 ms (FindLiveObjects: 0.550600 ms CreateObjectMapping: 0.485000 ms MarkObjects: 8.677200 ms  DeleteObjects: 10.882500 ms)

AssetImportParameters requested are different than current active one (requested -> active):
  custom:video-decoder-ogg-theora: a1e56fd34408186e4bbccfd4996cb3dc -> 
  custom:container-muxer-webm: aa71ff27fc2769a1b78a27578f13a17b -> 
  custom:container-demuxer-webm: 4f35f7cbe854078d1ac9338744f61a02 -> 
  custom:video-encoder-webm-vp8: eb34c28f22e8b96e1ab97ce403110664 -> 
  custom:video-codec-MediaFoundation-h265: 746d11721c4dcdbdad8f713fa42b33f4 -> 
  custom:audio-encoder-webm-vorbis: bf7c407c2cedff20999df2af8eb42d56 -> 
  custom:framework-win-MediaFoundation: 216162199b28c13a410421893ffa2e32 -> 
  custom:container-demuxer-ogg: 62fdf1f143b41e24485cea50d1cbac27 -> 
  custom:video-decoder-webm-vp8: 9c59270c3fd7afecdb556c50c9e8de78 -> 
  custom:audio-decoder-ogg-vorbis: bf7c407c2cedff20999df2af8eb42d56 -> 
========================================================================
Received Prepare
Registering precompiled user dll's ...
Registered in 0.017476 seconds.
Begin MonoManager ReloadAssembly
Native extension for WindowsStandalone target not found
Native extension for WebGL target not found
Refreshing native plugins compatible for Editor in 0.76 ms, found 3 plugins.
Preloading 0 native plugins for Editor in 0.00 ms.
Mono: successfully reloaded assembly
- Completed reload, in  2.609 seconds
Domain Reload Profiling:
	ReloadAssembly (2610ms)
		BeginReloadAssembly (322ms)
			ExecutionOrderSort (0ms)
			DisableScriptedObjects (18ms)
			BackupInstance (0ms)
			ReleaseScriptingObjects (0ms)
			CreateAndSetChildDomain (85ms)
		EndReloadAssembly (2029ms)
			LoadAssemblies (206ms)
			RebuildTransferFunctionScriptingTraits (0ms)
			SetupTypeCache (706ms)
			ReleaseScriptCaches (2ms)
			RebuildScriptCaches (87ms)
			SetupLoadedEditorAssemblies (975ms)
				LogAssemblyErrors (0ms)
				InitializePlatformSupportModulesInManaged (33ms)
				SetLoadedEditorAssemblies (1ms)
				RefreshPlugins (1ms)
				BeforeProcessingInitializeOnLoad (112ms)
				ProcessInitializeOnLoadAttributes (773ms)
				ProcessInitializeOnLoadMethodAttributes (33ms)
				AfterProcessingInitializeOnLoad (21ms)
				EditorAssembliesLoaded (0ms)
			ExecutionOrderSort2 (0ms)
			AwakeInstancesAfterBackupRestoration (14ms)
Platform modules already initialized, skipping
Refreshing native plugins compatible for Editor in 6.37 ms, found 3 plugins.
Preloading 0 native plugins for Editor in 0.00 ms.
Unloading 3054 Unused Serialized files (Serialized files now loaded: 0)
Unloading 17 unused Assets / (79.7 KB). Loaded Objects now: 3536.
Memory consumption went from 112.5 MB to 112.5 MB.
Total: 10.660700 ms (FindLiveObjects: 0.582900 ms CreateObjectMapping: 0.254900 ms MarkObjects: 9.682400 ms  DeleteObjects: 0.138500 ms)

AssetImportParameters requested are different than current active one (requested -> active):
  custom:video-decoder-ogg-theora: a1e56fd34408186e4bbccfd4996cb3dc -> 
  custom:container-muxer-webm: aa71ff27fc2769a1b78a27578f13a17b -> 
  custom:container-demuxer-webm: 4f35f7cbe854078d1ac9338744f61a02 -> 
  custom:video-encoder-webm-vp8: eb34c28f22e8b96e1ab97ce403110664 -> 
  custom:video-codec-MediaFoundation-h265: 746d11721c4dcdbdad8f713fa42b33f4 -> 
  custom:audio-encoder-webm-vorbis: bf7c407c2cedff20999df2af8eb42d56 -> 
  custom:framework-win-MediaFoundation: 216162199b28c13a410421893ffa2e32 -> 
  custom:container-demuxer-ogg: 62fdf1f143b41e24485cea50d1cbac27 -> 
  custom:video-decoder-webm-vp8: 9c59270c3fd7afecdb556c50c9e8de78 -> 
  custom:audio-decoder-ogg-vorbis: bf7c407c2cedff20999df2af8eb42d56 -> 
========================================================================
Received Import Request.
  Time since last request: 96.016528 seconds.
  path: Assets/Interaction/Camera.prefab
  artifactKey: Guid(634d2696b985dbb428a1786625838ce8) Importer(815301076,1909f56bfc062723c751e8b465ee728b)
Start importing Assets/Interaction/Camera.prefab using Guid(634d2696b985dbb428a1786625838ce8) Importer(815301076,1909f56bfc062723c751e8b465ee728b)  -> (artifact id: '0b524ba9b3188344832a810e10d90021') in 0.148018 seconds 
========================================================================
Received Import Request.
  Time since last request: 2.329166 seconds.
  path: Assets/Interaction/Camera.prefab
  artifactKey: Guid(634d2696b985dbb428a1786625838ce8) Importer(815301076,1909f56bfc062723c751e8b465ee728b)
Start importing Assets/Interaction/Camera.prefab using Guid(634d2696b985dbb428a1786625838ce8) Importer(815301076,1909f56bfc062723c751e8b465ee728b)  -> (artifact id: '6f193b473cd13e826d834bc70cf92c55') in 0.059941 seconds 
========================================================================
Received Prepare
Registering precompiled user dll's ...
Registered in 0.014878 seconds.
Begin MonoManager ReloadAssembly
Native extension for WindowsStandalone target not found
Native extension for WebGL target not found
Refreshing native plugins compatible for Editor in 0.97 ms, found 3 plugins.
Preloading 0 native plugins for Editor in 0.00 ms.
Mono: successfully reloaded assembly
- Completed reload, in  2.107 seconds
Domain Reload Profiling:
	ReloadAssembly (2108ms)
		BeginReloadAssembly (264ms)
			ExecutionOrderSort (0ms)
			DisableScriptedObjects (9ms)
			BackupInstance (0ms)
			ReleaseScriptingObjects (1ms)
			CreateAndSetChildDomain (60ms)
		EndReloadAssembly (1678ms)
			LoadAssemblies (167ms)
			RebuildTransferFunctionScriptingTraits (0ms)
			SetupTypeCache (434ms)
			ReleaseScriptCaches (2ms)
			RebuildScriptCaches (70ms)
			SetupLoadedEditorAssemblies (934ms)
				LogAssemblyErrors (0ms)
				InitializePlatformSupportModulesInManaged (33ms)
				SetLoadedEditorAssemblies (1ms)
				RefreshPlugins (1ms)
				BeforeProcessingInitializeOnLoad (234ms)
				ProcessInitializeOnLoadAttributes (620ms)
				ProcessInitializeOnLoadMethodAttributes (26ms)
				AfterProcessingInitializeOnLoad (19ms)
				EditorAssembliesLoaded (0ms)
			ExecutionOrderSort2 (0ms)
			AwakeInstancesAfterBackupRestoration (10ms)
Platform modules already initialized, skipping
Refreshing native plugins compatible for Editor in 2.98 ms, found 3 plugins.
Preloading 0 native plugins for Editor in 0.00 ms.
Unloading 3054 Unused Serialized files (Serialized files now loaded: 0)
Unloading 17 unused Assets / (79.8 KB). Loaded Objects now: 3539.
Memory consumption went from 112.6 MB to 112.5 MB.
Total: 4.344500 ms (FindLiveObjects: 0.270200 ms CreateObjectMapping: 0.092800 ms MarkObjects: 3.901500 ms  DeleteObjects: 0.079300 ms)

AssetImportParameters requested are different than current active one (requested -> active):
  custom:video-decoder-ogg-theora: a1e56fd34408186e4bbccfd4996cb3dc -> 
  custom:container-muxer-webm: aa71ff27fc2769a1b78a27578f13a17b -> 
  custom:container-demuxer-webm: 4f35f7cbe854078d1ac9338744f61a02 -> 
  custom:video-encoder-webm-vp8: eb34c28f22e8b96e1ab97ce403110664 -> 
  custom:video-codec-MediaFoundation-h265: 746d11721c4dcdbdad8f713fa42b33f4 -> 
  custom:audio-encoder-webm-vorbis: bf7c407c2cedff20999df2af8eb42d56 -> 
  custom:framework-win-MediaFoundation: 216162199b28c13a410421893ffa2e32 -> 
  custom:container-demuxer-ogg: 62fdf1f143b41e24485cea50d1cbac27 -> 
  custom:video-decoder-webm-vp8: 9c59270c3fd7afecdb556c50c9e8de78 -> 
  custom:audio-decoder-ogg-vorbis: bf7c407c2cedff20999df2af8eb42d56 -> 
========================================================================
Received Import Request.
  Time since last request: 292.023222 seconds.
  path: Assets/Interaction/Camera.prefab
  artifactKey: Guid(634d2696b985dbb428a1786625838ce8) Importer(815301076,1909f56bfc062723c751e8b465ee728b)
Start importing Assets/Interaction/Camera.prefab using Guid(634d2696b985dbb428a1786625838ce8) Importer(815301076,1909f56bfc062723c751e8b465ee728b)  -> (artifact id: '6f193b473cd13e826d834bc70cf92c55') in 0.110337 seconds 
========================================================================
Received Prepare
Registering precompiled user dll's ...
Registered in 0.020527 seconds.
Begin MonoManager ReloadAssembly
Native extension for WindowsStandalone target not found
Native extension for WebGL target not found
Refreshing native plugins compatible for Editor in 0.82 ms, found 3 plugins.
Preloading 0 native plugins for Editor in 0.00 ms.
Mono: successfully reloaded assembly
- Completed reload, in  2.106 seconds
Domain Reload Profiling:
	ReloadAssembly (2107ms)
		BeginReloadAssembly (266ms)
			ExecutionOrderSort (0ms)
			DisableScriptedObjects (15ms)
			BackupInstance (0ms)
			ReleaseScriptingObjects (0ms)
			CreateAndSetChildDomain (54ms)
		EndReloadAssembly (1677ms)
			LoadAssemblies (175ms)
			RebuildTransferFunctionScriptingTraits (0ms)
			SetupTypeCache (448ms)
			ReleaseScriptCaches (1ms)
			RebuildScriptCaches (52ms)
			SetupLoadedEditorAssemblies (975ms)
				LogAssemblyErrors (0ms)
				InitializePlatformSupportModulesInManaged (24ms)
				SetLoadedEditorAssemblies (1ms)
				RefreshPlugins (1ms)
				BeforeProcessingInitializeOnLoad (92ms)
				ProcessInitializeOnLoadAttributes (796ms)
				ProcessInitializeOnLoadMethodAttributes (39ms)
				AfterProcessingInitializeOnLoad (21ms)
				EditorAssembliesLoaded (0ms)
			ExecutionOrderSort2 (0ms)
			AwakeInstancesAfterBackupRestoration (13ms)
Platform modules already initialized, skipping
Refreshing native plugins compatible for Editor in 5.17 ms, found 3 plugins.
Preloading 0 native plugins for Editor in 0.00 ms.
Unloading 3054 Unused Serialized files (Serialized files now loaded: 0)
Unloading 17 unused Assets / (79.8 KB). Loaded Objects now: 3542.
Memory consumption went from 112.6 MB to 112.5 MB.
Total: 3.996800 ms (FindLiveObjects: 0.237100 ms CreateObjectMapping: 0.084900 ms MarkObjects: 3.570100 ms  DeleteObjects: 0.103300 ms)

AssetImportParameters requested are different than current active one (requested -> active):
  custom:video-decoder-ogg-theora: a1e56fd34408186e4bbccfd4996cb3dc -> 
  custom:container-muxer-webm: aa71ff27fc2769a1b78a27578f13a17b -> 
  custom:container-demuxer-webm: 4f35f7cbe854078d1ac9338744f61a02 -> 
  custom:video-encoder-webm-vp8: eb34c28f22e8b96e1ab97ce403110664 -> 
  custom:video-codec-MediaFoundation-h265: 746d11721c4dcdbdad8f713fa42b33f4 -> 
  custom:audio-encoder-webm-vorbis: bf7c407c2cedff20999df2af8eb42d56 -> 
  custom:framework-win-MediaFoundation: 216162199b28c13a410421893ffa2e32 -> 
  custom:container-demuxer-ogg: 62fdf1f143b41e24485cea50d1cbac27 -> 
  custom:video-decoder-webm-vp8: 9c59270c3fd7afecdb556c50c9e8de78 -> 
  custom:audio-decoder-ogg-vorbis: bf7c407c2cedff20999df2af8eb42d56 -> 
========================================================================
Received Import Request.
  Time since last request: 20.426599 seconds.
  path: Assets/Interaction/Camera.prefab
  artifactKey: Guid(634d2696b985dbb428a1786625838ce8) Importer(815301076,1909f56bfc062723c751e8b465ee728b)
Start importing Assets/Interaction/Camera.prefab using Guid(634d2696b985dbb428a1786625838ce8) Importer(815301076,1909f56bfc062723c751e8b465ee728b)  -> (artifact id: 'ebaf7a4445669a76aa87fd4e94ca35b8') in 0.094494 seconds 
========================================================================
Received Prepare
Registering precompiled user dll's ...
Registered in 0.015639 seconds.
Begin MonoManager ReloadAssembly
Native extension for WindowsStandalone target not found
Native extension for WebGL target not found
Refreshing native plugins compatible for Editor in 1.74 ms, found 3 plugins.
Preloading 0 native plugins for Editor in 0.00 ms.
Mono: successfully reloaded assembly
- Completed reload, in  1.995 seconds
Domain Reload Profiling:
	ReloadAssembly (1996ms)
		BeginReloadAssembly (227ms)
			ExecutionOrderSort (0ms)
			DisableScriptedObjects (7ms)
			BackupInstance (0ms)
			ReleaseScriptingObjects (0ms)
			CreateAndSetChildDomain (58ms)
		EndReloadAssembly (1602ms)
			LoadAssemblies (163ms)
			RebuildTransferFunctionScriptingTraits (0ms)
			SetupTypeCache (389ms)
			ReleaseScriptCaches (2ms)
			RebuildScriptCaches (76ms)
			SetupLoadedEditorAssemblies (899ms)
				LogAssemblyErrors (0ms)
				InitializePlatformSupportModulesInManaged (36ms)
				SetLoadedEditorAssemblies (1ms)
				RefreshPlugins (2ms)
				BeforeProcessingInitializeOnLoad (123ms)
				ProcessInitializeOnLoadAttributes (655ms)
				ProcessInitializeOnLoadMethodAttributes (62ms)
				AfterProcessingInitializeOnLoad (20ms)
				EditorAssembliesLoaded (0ms)
			ExecutionOrderSort2 (0ms)
			AwakeInstancesAfterBackupRestoration (14ms)
Platform modules already initialized, skipping
Refreshing native plugins compatible for Editor in 3.69 ms, found 3 plugins.
Preloading 0 native plugins for Editor in 0.00 ms.
Unloading 3054 Unused Serialized files (Serialized files now loaded: 0)
Unloading 17 unused Assets / (79.9 KB). Loaded Objects now: 3545.
Memory consumption went from 112.6 MB to 112.5 MB.
Total: 5.256000 ms (FindLiveObjects: 0.306700 ms CreateObjectMapping: 0.148200 ms MarkObjects: 4.613200 ms  DeleteObjects: 0.186800 ms)

AssetImportParameters requested are different than current active one (requested -> active):
  custom:video-decoder-ogg-theora: a1e56fd34408186e4bbccfd4996cb3dc -> 
  custom:container-muxer-webm: aa71ff27fc2769a1b78a27578f13a17b -> 
  custom:container-demuxer-webm: 4f35f7cbe854078d1ac9338744f61a02 -> 
  custom:video-encoder-webm-vp8: eb34c28f22e8b96e1ab97ce403110664 -> 
  custom:video-codec-MediaFoundation-h265: 746d11721c4dcdbdad8f713fa42b33f4 -> 
  custom:audio-encoder-webm-vorbis: bf7c407c2cedff20999df2af8eb42d56 -> 
  custom:framework-win-MediaFoundation: 216162199b28c13a410421893ffa2e32 -> 
  custom:container-demuxer-ogg: 62fdf1f143b41e24485cea50d1cbac27 -> 
  custom:video-decoder-webm-vp8: 9c59270c3fd7afecdb556c50c9e8de78 -> 
  custom:audio-decoder-ogg-vorbis: bf7c407c2cedff20999df2af8eb42d56 -> 
========================================================================
Received Import Request.
  Time since last request: 9.108293 seconds.
  path: Assets/Interaction/Camera.prefab
  artifactKey: Guid(634d2696b985dbb428a1786625838ce8) Importer(815301076,1909f56bfc062723c751e8b465ee728b)
Start importing Assets/Interaction/Camera.prefab using Guid(634d2696b985dbb428a1786625838ce8) Importer(815301076,1909f56bfc062723c751e8b465ee728b)  -> (artifact id: 'd8b72fedf380ea23748feb621bfc7bc2') in 0.125794 seconds 
========================================================================
Received Import Request.
  Time since last request: 43.026465 seconds.
  path: Assets/Interaction/Camera.prefab
  artifactKey: Guid(634d2696b985dbb428a1786625838ce8) Importer(815301076,1909f56bfc062723c751e8b465ee728b)
Start importing Assets/Interaction/Camera.prefab using Guid(634d2696b985dbb428a1786625838ce8) Importer(815301076,1909f56bfc062723c751e8b465ee728b)  -> (artifact id: 'fb203a31cea50b4e5d51cb8bf69bb672') in 0.024552 seconds 
========================================================================
Received Prepare
Registering precompiled user dll's ...
Registered in 0.015253 seconds.
Begin MonoManager ReloadAssembly
Native extension for WindowsStandalone target not found
Native extension for WebGL target not found
Refreshing native plugins compatible for Editor in 1.04 ms, found 3 plugins.
Preloading 0 native plugins for Editor in 0.00 ms.
Mono: successfully reloaded assembly
- Completed reload, in  2.092 seconds
Domain Reload Profiling:
	ReloadAssembly (2093ms)
		BeginReloadAssembly (242ms)
			ExecutionOrderSort (0ms)
			DisableScriptedObjects (11ms)
			BackupInstance (0ms)
			ReleaseScriptingObjects (0ms)
			CreateAndSetChildDomain (67ms)
		EndReloadAssembly (1685ms)
			LoadAssemblies (159ms)
			RebuildTransferFunctionScriptingTraits (0ms)
			SetupTypeCache (421ms)
			ReleaseScriptCaches (2ms)
			RebuildScriptCaches (77ms)
			SetupLoadedEditorAssemblies (943ms)
				LogAssemblyErrors (0ms)
				InitializePlatformSupportModulesInManaged (33ms)
				SetLoadedEditorAssemblies (1ms)
				RefreshPlugins (1ms)
				BeforeProcessingInitializeOnLoad (138ms)
				ProcessInitializeOnLoadAttributes (691ms)
				ProcessInitializeOnLoadMethodAttributes (53ms)
				AfterProcessingInitializeOnLoad (27ms)
				EditorAssembliesLoaded (0ms)
			ExecutionOrderSort2 (0ms)
			AwakeInstancesAfterBackupRestoration (13ms)
Platform modules already initialized, skipping
Refreshing native plugins compatible for Editor in 4.20 ms, found 3 plugins.
Preloading 0 native plugins for Editor in 0.00 ms.
Unloading 3054 Unused Serialized files (Serialized files now loaded: 0)
Unloading 17 unused Assets / (79.9 KB). Loaded Objects now: 3548.
Memory consumption went from 112.6 MB to 112.5 MB.
Total: 6.592000 ms (FindLiveObjects: 0.479100 ms CreateObjectMapping: 0.363000 ms MarkObjects: 5.524300 ms  DeleteObjects: 0.224500 ms)

AssetImportParameters requested are different than current active one (requested -> active):
  custom:video-decoder-ogg-theora: a1e56fd34408186e4bbccfd4996cb3dc -> 
  custom:container-muxer-webm: aa71ff27fc2769a1b78a27578f13a17b -> 
  custom:container-demuxer-webm: 4f35f7cbe854078d1ac9338744f61a02 -> 
  custom:video-encoder-webm-vp8: eb34c28f22e8b96e1ab97ce403110664 -> 
  custom:video-codec-MediaFoundation-h265: 746d11721c4dcdbdad8f713fa42b33f4 -> 
  custom:audio-encoder-webm-vorbis: bf7c407c2cedff20999df2af8eb42d56 -> 
  custom:framework-win-MediaFoundation: 216162199b28c13a410421893ffa2e32 -> 
  custom:container-demuxer-ogg: 62fdf1f143b41e24485cea50d1cbac27 -> 
  custom:video-decoder-webm-vp8: 9c59270c3fd7afecdb556c50c9e8de78 -> 
  custom:audio-decoder-ogg-vorbis: bf7c407c2cedff20999df2af8eb42d56 -> 
========================================================================
Received Prepare
Registering precompiled user dll's ...
Registered in 0.037085 seconds.
Begin MonoManager ReloadAssembly
Native extension for WindowsStandalone target not found
Native extension for WebGL target not found
Refreshing native plugins compatible for Editor in 0.68 ms, found 3 plugins.
Preloading 0 native plugins for Editor in 0.00 ms.
Mono: successfully reloaded assembly
- Completed reload, in  1.826 seconds
Domain Reload Profiling:
	ReloadAssembly (1828ms)
		BeginReloadAssembly (336ms)
			ExecutionOrderSort (0ms)
			DisableScriptedObjects (18ms)
			BackupInstance (0ms)
			ReleaseScriptingObjects (0ms)
			CreateAndSetChildDomain (114ms)
		EndReloadAssembly (1345ms)
			LoadAssemblies (167ms)
			RebuildTransferFunctionScriptingTraits (0ms)
			SetupTypeCache (390ms)
			ReleaseScriptCaches (1ms)
			RebuildScriptCaches (55ms)
			SetupLoadedEditorAssemblies (710ms)
				LogAssemblyErrors (0ms)
				InitializePlatformSupportModulesInManaged (20ms)
				SetLoadedEditorAssemblies (1ms)
				RefreshPlugins (1ms)
				BeforeProcessingInitializeOnLoad (88ms)
				ProcessInitializeOnLoadAttributes (561ms)
				ProcessInitializeOnLoadMethodAttributes (24ms)
				AfterProcessingInitializeOnLoad (15ms)
				EditorAssembliesLoaded (0ms)
			ExecutionOrderSort2 (0ms)
			AwakeInstancesAfterBackupRestoration (9ms)
Platform modules already initialized, skipping
Refreshing native plugins compatible for Editor in 3.16 ms, found 3 plugins.
Preloading 0 native plugins for Editor in 0.00 ms.
Unloading 3429 Unused Serialized files (Serialized files now loaded: 0)
Unloading 37 unused Assets / (2.0 MB). Loaded Objects now: 3907.
Memory consumption went from 127.4 MB to 125.4 MB.
Total: 5.988900 ms (FindLiveObjects: 0.288000 ms CreateObjectMapping: 0.112900 ms MarkObjects: 3.567600 ms  DeleteObjects: 2.019100 ms)

AssetImportParameters requested are different than current active one (requested -> active):
  custom:video-decoder-ogg-theora: a1e56fd34408186e4bbccfd4996cb3dc -> 
  custom:container-muxer-webm: aa71ff27fc2769a1b78a27578f13a17b -> 
  custom:container-demuxer-webm: 4f35f7cbe854078d1ac9338744f61a02 -> 
  custom:video-encoder-webm-vp8: eb34c28f22e8b96e1ab97ce403110664 -> 
  custom:video-codec-MediaFoundation-h265: 746d11721c4dcdbdad8f713fa42b33f4 -> 
  custom:audio-encoder-webm-vorbis: bf7c407c2cedff20999df2af8eb42d56 -> 
  custom:framework-win-MediaFoundation: 216162199b28c13a410421893ffa2e32 -> 
  custom:container-demuxer-ogg: 62fdf1f143b41e24485cea50d1cbac27 -> 
  custom:video-decoder-webm-vp8: 9c59270c3fd7afecdb556c50c9e8de78 -> 
  custom:audio-decoder-ogg-vorbis: bf7c407c2cedff20999df2af8eb42d56 -> 
========================================================================
Received Import Request.
  Time since last request: 44063.827202 seconds.
  path: Assets/Level
  artifactKey: Guid(b6c7f8bee97f1224e9e91c6dd7bfa3f3) Importer(815301076,1909f56bfc062723c751e8b465ee728b)
Start importing Assets/Level using Guid(b6c7f8bee97f1224e9e91c6dd7bfa3f3) Importer(815301076,1909f56bfc062723c751e8b465ee728b)  -> (artifact id: 'c2ca3992ad345fd64815b61e5c7ac0cd') in 0.014310 seconds 
========================================================================
Received Import Request.
  Time since last request: 26.448690 seconds.
  path: Assets/Level/LevelBase1.unity
  artifactKey: Guid(c491928cb69fd2f428549e5d65fb520a) Importer(815301076,1909f56bfc062723c751e8b465ee728b)
Start importing Assets/Level/LevelBase1.unity using Guid(c491928cb69fd2f428549e5d65fb520a) Importer(815301076,1909f56bfc062723c751e8b465ee728b)  -> (artifact id: '4ae9675e9db0bef23b45997975bc1c04') in 0.016723 seconds 
========================================================================
Received Import Request.
  Time since last request: 350.626743 seconds.
  path: Assets/Player.cs
  artifactKey: Guid(251c2f5974e0dad4084311e1dd6cd0bd) Importer(815301076,1909f56bfc062723c751e8b465ee728b)
Start importing Assets/Player.cs using Guid(251c2f5974e0dad4084311e1dd6cd0bd) Importer(815301076,1909f56bfc062723c751e8b465ee728b)  -> (artifact id: 'df23101d37d1a12c544705f3a78bd3f5') in 0.012644 seconds 
========================================================================
Received Import Request.
  Time since last request: 20.471806 seconds.
  path: Assets/CW.prefab
  artifactKey: Guid(1900d51665f58ed4395644b5db2102de) Importer(815301076,1909f56bfc062723c751e8b465ee728b)
Start importing Assets/CW.prefab using Guid(1900d51665f58ed4395644b5db2102de) Importer(815301076,1909f56bfc062723c751e8b465ee728b)  -> (artifact id: '81d7071d18101e3fef0257b5fc27e402') in 0.061374 seconds 
========================================================================
Received Import Request.
  Time since last request: 2.181602 seconds.
  path: Assets/CW.prefab
  artifactKey: Guid(1900d51665f58ed4395644b5db2102de) Importer(815301076,1909f56bfc062723c751e8b465ee728b)
Start importing Assets/CW.prefab using Guid(1900d51665f58ed4395644b5db2102de) Importer(815301076,1909f56bfc062723c751e8b465ee728b)  -> (artifact id: 'ed573d69c0520a1b8144f844ed869a46') in 0.013071 seconds 
========================================================================
Received Import Request.
  Time since last request: 5.186001 seconds.
  path: Assets/CW.prefab
  artifactKey: Guid(1900d51665f58ed4395644b5db2102de) Importer(815301076,1909f56bfc062723c751e8b465ee728b)
Start importing Assets/CW.prefab using Guid(1900d51665f58ed4395644b5db2102de) Importer(815301076,1909f56bfc062723c751e8b465ee728b)  -> (artifact id: 'bc19548dde1866982b3a45ea93d035eb') in 0.011140 seconds 
========================================================================
Received Import Request.
  Time since last request: 14.915932 seconds.
  path: Assets/Controllable
  artifactKey: Guid(f0513c3b21ffb24429ea034ccb400cc0) Importer(815301076,1909f56bfc062723c751e8b465ee728b)
Start importing Assets/Controllable using Guid(f0513c3b21ffb24429ea034ccb400cc0) Importer(815301076,1909f56bfc062723c751e8b465ee728b)  -> (artifact id: 'bbba39cefca0e95199bcd84873a5b0b3') in 0.016638 seconds 
========================================================================
Received Import Request.
  Time since last request: 12.549364 seconds.
  path: Assets/Scenes/DevRoom.unity
  artifactKey: Guid(9fc0d4010bbf28b4594072e72b8655ab) Importer(815301076,1909f56bfc062723c751e8b465ee728b)
Start importing Assets/Scenes/DevRoom.unity using Guid(9fc0d4010bbf28b4594072e72b8655ab) Importer(815301076,1909f56bfc062723c751e8b465ee728b)  -> (artifact id: '6253891b44006115f95ef98471dd8d25') in 0.016321 seconds 
========================================================================
Received Import Request.
  Time since last request: 26.034513 seconds.
  path: Assets/Controllable/Drone.prefab
  artifactKey: Guid(0f4345d9007283d44958dae2da08bbc0) Importer(815301076,1909f56bfc062723c751e8b465ee728b)
Start importing Assets/Controllable/Drone.prefab using Guid(0f4345d9007283d44958dae2da08bbc0) Importer(815301076,1909f56bfc062723c751e8b465ee728b)  -> (artifact id: '7456295a004b6ed902ca2c0b30419d1c') in 0.106205 seconds 
========================================================================
Received Import Request.
  Time since last request: 46.489909 seconds.
  path: Assets/Interaction/Camera.prefab
  artifactKey: Guid(634d2696b985dbb428a1786625838ce8) Importer(815301076,1909f56bfc062723c751e8b465ee728b)
Start importing Assets/Interaction/Camera.prefab using Guid(634d2696b985dbb428a1786625838ce8) Importer(815301076,1909f56bfc062723c751e8b465ee728b)  -> (artifact id: '76ae629cc07257dda1fe0c54e54dec0f') in 0.096071 seconds 
========================================================================
Received Import Request.
  Time since last request: 56.476260 seconds.
  path: Assets/CameraFollow.cs
  artifactKey: Guid(4d9969ec6dd05224181f1feb2d83d472) Importer(815301076,1909f56bfc062723c751e8b465ee728b)
Start importing Assets/CameraFollow.cs using Guid(4d9969ec6dd05224181f1feb2d83d472) Importer(815301076,1909f56bfc062723c751e8b465ee728b)  -> (artifact id: '9c832fcdc955ab2cde6a0c30de2769a6') in 0.067291 seconds 
